<!DOCTYPE html>
<html>
  <head>
    <meta charset="utf-8"/>
    <title>reports.html</title>
    <link href="assets/style.css" rel="stylesheet" type="text/css"/></head>
  <body onLoad="init()">
    <script>/* This Source Code Form is subject to the terms of the Mozilla Public
 * License, v. 2.0. If a copy of the MPL was not distributed with this file,
 * You can obtain one at http://mozilla.org/MPL/2.0/. */


function toArray(iter) {
    if (iter === null) {
        return null;
    }
    return Array.prototype.slice.call(iter);
}

function find(selector, elem) { // eslint-disable-line no-redeclare
    if (!elem) {
        elem = document;
    }
    return elem.querySelector(selector);
}

function findAll(selector, elem) {
    if (!elem) {
        elem = document;
    }
    return toArray(elem.querySelectorAll(selector));
}

function sortColumn(elem) {
    toggleSortStates(elem);
    const colIndex = toArray(elem.parentNode.childNodes).indexOf(elem);
    let key;
    if (elem.classList.contains('result')) {
        key = keyResult;
    } else if (elem.classList.contains('links')) {
        key = keyLink;
    } else {
        key = keyAlpha;
    }
    sortTable(elem, key(colIndex));
}

function showAllExtras() { // eslint-disable-line no-unused-vars
    findAll('.col-result').forEach(showExtras);
}

function hideAllExtras() { // eslint-disable-line no-unused-vars
    findAll('.col-result').forEach(hideExtras);
}

function showExtras(colresultElem) {
    const extras = colresultElem.parentNode.nextElementSibling;
    const expandcollapse = colresultElem.firstElementChild;
    extras.classList.remove('collapsed');
    expandcollapse.classList.remove('expander');
    expandcollapse.classList.add('collapser');
}

function hideExtras(colresultElem) {
    const extras = colresultElem.parentNode.nextElementSibling;
    const expandcollapse = colresultElem.firstElementChild;
    extras.classList.add('collapsed');
    expandcollapse.classList.remove('collapser');
    expandcollapse.classList.add('expander');
}

function showFilters() {
    let visibleString = getQueryParameter('visible') || 'all';
    visibleString = visibleString.toLowerCase();
    const checkedItems = visibleString.split(',');

    const filterItems = document.getElementsByClassName('filter');
    for (let i = 0; i < filterItems.length; i++) {
        filterItems[i].hidden = false;

        if (visibleString != 'all') {
            filterItems[i].checked = checkedItems.includes(filterItems[i].getAttribute('data-test-result'));
            filterTable(filterItems[i]);
        }
    }
}

function addCollapse() {
    // Add links for show/hide all
    const resulttable = find('table#results-table');
    const showhideall = document.createElement('p');
    showhideall.innerHTML = '<a href="javascript:showAllExtras()">Show all details</a> / ' +
                            '<a href="javascript:hideAllExtras()">Hide all details</a>';
    resulttable.parentElement.insertBefore(showhideall, resulttable);

    // Add show/hide link to each result
    findAll('.col-result').forEach(function(elem) {
        const collapsed = getQueryParameter('collapsed') || 'Passed';
        const extras = elem.parentNode.nextElementSibling;
        const expandcollapse = document.createElement('span');
        if (extras.classList.contains('collapsed')) {
            expandcollapse.classList.add('expander');
        } else if (collapsed.includes(elem.innerHTML)) {
            extras.classList.add('collapsed');
            expandcollapse.classList.add('expander');
        } else {
            expandcollapse.classList.add('collapser');
        }
        elem.appendChild(expandcollapse);

        elem.addEventListener('click', function(event) {
            if (event.currentTarget.parentNode.nextElementSibling.classList.contains('collapsed')) {
                showExtras(event.currentTarget);
            } else {
                hideExtras(event.currentTarget);
            }
        });
    });
}

function getQueryParameter(name) {
    const match = RegExp('[?&]' + name + '=([^&]*)').exec(window.location.search);
    return match && decodeURIComponent(match[1].replace(/\+/g, ' '));
}

function init () { // eslint-disable-line no-unused-vars
    resetSortHeaders();

    addCollapse();

    showFilters();

    sortColumn(find('.initial-sort'));

    findAll('.sortable').forEach(function(elem) {
        elem.addEventListener('click',
            function() {
                sortColumn(elem);
            }, false);
    });
}

function sortTable(clicked, keyFunc) {
    const rows = findAll('.results-table-row');
    const reversed = !clicked.classList.contains('asc');
    const sortedRows = sort(rows, keyFunc, reversed);
    /* Whole table is removed here because browsers acts much slower
     * when appending existing elements.
     */
    const thead = document.getElementById('results-table-head');
    document.getElementById('results-table').remove();
    const parent = document.createElement('table');
    parent.id = 'results-table';
    parent.appendChild(thead);
    sortedRows.forEach(function(elem) {
        parent.appendChild(elem);
    });
    document.getElementsByTagName('BODY')[0].appendChild(parent);
}

function sort(items, keyFunc, reversed) {
    const sortArray = items.map(function(item, i) {
        return [keyFunc(item), i];
    });

    sortArray.sort(function(a, b) {
        const keyA = a[0];
        const keyB = b[0];

        if (keyA == keyB) return 0;

        if (reversed) {
            return keyA < keyB ? 1 : -1;
        } else {
            return keyA > keyB ? 1 : -1;
        }
    });

    return sortArray.map(function(item) {
        const index = item[1];
        return items[index];
    });
}

function keyAlpha(colIndex) {
    return function(elem) {
        return elem.childNodes[1].childNodes[colIndex].firstChild.data.toLowerCase();
    };
}

function keyLink(colIndex) {
    return function(elem) {
        const dataCell = elem.childNodes[1].childNodes[colIndex].firstChild;
        return dataCell == null ? '' : dataCell.innerText.toLowerCase();
    };
}

function keyResult(colIndex) {
    return function(elem) {
        const strings = ['Error', 'Failed', 'Rerun', 'XFailed', 'XPassed',
            'Skipped', 'Passed'];
        return strings.indexOf(elem.childNodes[1].childNodes[colIndex].firstChild.data);
    };
}

function resetSortHeaders() {
    findAll('.sort-icon').forEach(function(elem) {
        elem.parentNode.removeChild(elem);
    });
    findAll('.sortable').forEach(function(elem) {
        const icon = document.createElement('div');
        icon.className = 'sort-icon';
        icon.textContent = 'vvv';
        elem.insertBefore(icon, elem.firstChild);
        elem.classList.remove('desc', 'active');
        elem.classList.add('asc', 'inactive');
    });
}

function toggleSortStates(elem) {
    //if active, toggle between asc and desc
    if (elem.classList.contains('active')) {
        elem.classList.toggle('asc');
        elem.classList.toggle('desc');
    }

    //if inactive, reset all other functions and add ascending active
    if (elem.classList.contains('inactive')) {
        resetSortHeaders();
        elem.classList.remove('inactive');
        elem.classList.add('active');
    }
}

function isAllRowsHidden(value) {
    return value.hidden == false;
}

function filterTable(elem) { // eslint-disable-line no-unused-vars
    const outcomeAtt = 'data-test-result';
    const outcome = elem.getAttribute(outcomeAtt);
    const classOutcome = outcome + ' results-table-row';
    const outcomeRows = document.getElementsByClassName(classOutcome);

    for(let i = 0; i < outcomeRows.length; i++){
        outcomeRows[i].hidden = !elem.checked;
    }

    const rows = findAll('.results-table-row').filter(isAllRowsHidden);
    const allRowsHidden = rows.length == 0 ? true : false;
    const notFoundMessage = document.getElementById('not-found-message');
    notFoundMessage.hidden = !allRowsHidden;
}
</script>
    <h1>reports.html</h1>
    <p>Report generated on 27-Jun-2023 at 23:26:41 by <a href="https://pypi.python.org/pypi/pytest-html">pytest-html</a> v3.2.0</p>
    <h2>Summary</h2>
    <p>27 tests ran in 30.79 seconds. </p>
    <p class="filter" hidden="true">(Un)check the boxes to filter the results.</p><input checked="true" class="filter" data-test-result="passed" hidden="true" name="filter_checkbox" onChange="filterTable(this)" type="checkbox"/><span class="passed">12 passed</span>, <input checked="true" class="filter" data-test-result="skipped" disabled="true" hidden="true" name="filter_checkbox" onChange="filterTable(this)" type="checkbox"/><span class="skipped">0 skipped</span>, <input checked="true" class="filter" data-test-result="failed" hidden="true" name="filter_checkbox" onChange="filterTable(this)" type="checkbox"/><span class="failed">15 failed</span>, <input checked="true" class="filter" data-test-result="error" disabled="true" hidden="true" name="filter_checkbox" onChange="filterTable(this)" type="checkbox"/><span class="error">0 errors</span>, <input checked="true" class="filter" data-test-result="xfailed" disabled="true" hidden="true" name="filter_checkbox" onChange="filterTable(this)" type="checkbox"/><span class="xfailed">0 expected failures</span>, <input checked="true" class="filter" data-test-result="xpassed" disabled="true" hidden="true" name="filter_checkbox" onChange="filterTable(this)" type="checkbox"/><span class="xpassed">0 unexpected passes</span>
    <h2>Results</h2>
    <table id="results-table">
      <thead id="results-table-head">
        <tr>
          <th class="sortable result initial-sort" col="result">Result</th>
          <th class="sortable" col="name">Test</th>
          <th class="sortable" col="duration">Duration</th>
          <th class="sortable links" col="links">Links</th></tr>
        <tr hidden="true" id="not-found-message">
          <th colspan="4">No results found. Try to check the filters</th></tr></thead>
      <tbody class="failed results-table-row">
        <tr>
          <td class="col-result">Failed</td>
          <td class="col-name">tests/count_by_country/test_count_by_country.py::TestCountByCountry::test_count_by_country_with_invalid_users_list</td>
          <td class="col-duration">1.30</td>
          <td class="col-links"></td></tr>
        <tr>
          <td class="extra" colspan="4">
            <div class="log">self = &lt;tests.count_by_country.test_count_by_country.TestCountByCountry object at 0x1065f9e90&gt;<br/>api_url = &#x27;https://census-toy.nceng.net/prod/toy-census&#x27;, top_country = 4<br/><br/>    def test_count_by_country_with_invalid_users_list(self, api_url, top_country):<br/>        test_users = generate_random_users()<br/>        test_users.append({&#x27;invalid_name&#x27;: &#x27;test&#x27;, &#x27;invalid_value&#x27;: &#x27;test&#x27;})<br/>        response = make_post_request(api_url, test_users, action_type=&quot;CountByCountry&quot;, top=top_country)<br/>    <br/>        expected_response_code = 400<br/>        logging.info(f&#x27;Verifying that the response status code is {expected_response_code}.&#x27;)<br/>        logging.info(f&#x27;Expected response: {expected_response_code}&#x27;)<br/>        logging.info(f&#x27;Actual response:   {response.status_code}&#x27;)<br/>&gt;       assert response.status_code == expected_response_code,\<br/>            f&#x27;Error: Expected response code {expected_response_code}, but received {response.status_code}&#x27;<br/><span class="error">E       AssertionError: Error: Expected response code 400, but received 200</span><br/><span class="error">E       assert 200 == 400</span><br/><span class="error">E        +  where 200 = &lt;Response [200]&gt;.status_code</span><br/><br/>tests/count_by_country/test_count_by_country.py:68: AssertionError<br/> -------------------------------Captured log call-------------------------------- <br/>INFO     root:test_count_by_country.py:65 Verifying that the response status code is 400.
INFO     root:test_count_by_country.py:66 Expected response: 400
INFO     root:test_count_by_country.py:67 Actual response:   200<br/></div></td></tr></tbody>
      <tbody class="failed results-table-row">
        <tr>
          <td class="col-result">Failed</td>
          <td class="col-name">tests/count_by_country/test_count_by_country.py::TestCountByCountry::test_count_by_country_with_invalid_action_type[]</td>
          <td class="col-duration">1.31</td>
          <td class="col-links"></td></tr>
        <tr>
          <td class="extra" colspan="4">
            <div class="log">self = &lt;tests.count_by_country.test_count_by_country.TestCountByCountry object at 0x1065fb150&gt;<br/>api_url = &#x27;https://census-toy.nceng.net/prod/toy-census&#x27;, top_country = 4, action_type = &#x27;&#x27;<br/><br/>    @pytest.mark.parametrize(&quot;action_type&quot;, [&quot;&quot;, &quot; &quot;, &quot;invalid_action_type&quot;])<br/>    def test_count_by_country_with_invalid_action_type(self, api_url, top_country, action_type):<br/>        test_users = generate_random_users()<br/>        response = make_post_request(api_url, test_users, action_type=action_type, top=top_country)<br/>    <br/>        expected_response_code = 400<br/>        logging.info(f&#x27;Verifying that the response status code is {expected_response_code}.&#x27;)<br/>        logging.info(f&#x27;Expected response: {expected_response_code}&#x27;)<br/>        logging.info(f&#x27;Actual response:   {response.status_code}&#x27;)<br/>&gt;       assert response.status_code == expected_response_code, \<br/>            f&#x27;Error: Expected response code {expected_response_code}, but received {response.status_code}&#x27;<br/><span class="error">E       AssertionError: Error: Expected response code 400, but received 200</span><br/><span class="error">E       assert 200 == 400</span><br/><span class="error">E        +  where 200 = &lt;Response [200]&gt;.status_code</span><br/><br/>tests/count_by_country/test_count_by_country.py:80: AssertionError<br/> -------------------------------Captured log call-------------------------------- <br/>INFO     root:test_count_by_country.py:77 Verifying that the response status code is 400.
INFO     root:test_count_by_country.py:78 Expected response: 400
INFO     root:test_count_by_country.py:79 Actual response:   200<br/></div></td></tr></tbody>
      <tbody class="failed results-table-row">
        <tr>
          <td class="col-result">Failed</td>
          <td class="col-name">tests/count_by_country/test_count_by_country.py::TestCountByCountry::test_count_by_country_with_invalid_action_type[ ]</td>
          <td class="col-duration">1.28</td>
          <td class="col-links"></td></tr>
        <tr>
          <td class="extra" colspan="4">
            <div class="log">self = &lt;tests.count_by_country.test_count_by_country.TestCountByCountry object at 0x1065fb390&gt;<br/>api_url = &#x27;https://census-toy.nceng.net/prod/toy-census&#x27;, top_country = 4, action_type = &#x27; &#x27;<br/><br/>    @pytest.mark.parametrize(&quot;action_type&quot;, [&quot;&quot;, &quot; &quot;, &quot;invalid_action_type&quot;])<br/>    def test_count_by_country_with_invalid_action_type(self, api_url, top_country, action_type):<br/>        test_users = generate_random_users()<br/>        response = make_post_request(api_url, test_users, action_type=action_type, top=top_country)<br/>    <br/>        expected_response_code = 400<br/>        logging.info(f&#x27;Verifying that the response status code is {expected_response_code}.&#x27;)<br/>        logging.info(f&#x27;Expected response: {expected_response_code}&#x27;)<br/>        logging.info(f&#x27;Actual response:   {response.status_code}&#x27;)<br/>&gt;       assert response.status_code == expected_response_code, \<br/>            f&#x27;Error: Expected response code {expected_response_code}, but received {response.status_code}&#x27;<br/><span class="error">E       AssertionError: Error: Expected response code 400, but received 200</span><br/><span class="error">E       assert 200 == 400</span><br/><span class="error">E        +  where 200 = &lt;Response [200]&gt;.status_code</span><br/><br/>tests/count_by_country/test_count_by_country.py:80: AssertionError<br/> -------------------------------Captured log call-------------------------------- <br/>INFO     root:test_count_by_country.py:77 Verifying that the response status code is 400.
INFO     root:test_count_by_country.py:78 Expected response: 400
INFO     root:test_count_by_country.py:79 Actual response:   200<br/></div></td></tr></tbody>
      <tbody class="failed results-table-row">
        <tr>
          <td class="col-result">Failed</td>
          <td class="col-name">tests/count_by_country/test_count_by_country.py::TestCountByCountry::test_count_by_country_with_invalid_action_type[invalid_action_type]</td>
          <td class="col-duration">1.32</td>
          <td class="col-links"></td></tr>
        <tr>
          <td class="extra" colspan="4">
            <div class="log">self = &lt;tests.count_by_country.test_count_by_country.TestCountByCountry object at 0x1065fb650&gt;<br/>api_url = &#x27;https://census-toy.nceng.net/prod/toy-census&#x27;, top_country = 4, action_type = &#x27;invalid_action_type&#x27;<br/><br/>    @pytest.mark.parametrize(&quot;action_type&quot;, [&quot;&quot;, &quot; &quot;, &quot;invalid_action_type&quot;])<br/>    def test_count_by_country_with_invalid_action_type(self, api_url, top_country, action_type):<br/>        test_users = generate_random_users()<br/>        response = make_post_request(api_url, test_users, action_type=action_type, top=top_country)<br/>    <br/>        expected_response_code = 400<br/>        logging.info(f&#x27;Verifying that the response status code is {expected_response_code}.&#x27;)<br/>        logging.info(f&#x27;Expected response: {expected_response_code}&#x27;)<br/>        logging.info(f&#x27;Actual response:   {response.status_code}&#x27;)<br/>&gt;       assert response.status_code == expected_response_code, \<br/>            f&#x27;Error: Expected response code {expected_response_code}, but received {response.status_code}&#x27;<br/><span class="error">E       AssertionError: Error: Expected response code 400, but received 200</span><br/><span class="error">E       assert 200 == 400</span><br/><span class="error">E        +  where 200 = &lt;Response [200]&gt;.status_code</span><br/><br/>tests/count_by_country/test_count_by_country.py:80: AssertionError<br/> -------------------------------Captured log call-------------------------------- <br/>INFO     root:test_count_by_country.py:77 Verifying that the response status code is 400.
INFO     root:test_count_by_country.py:78 Expected response: 400
INFO     root:test_count_by_country.py:79 Actual response:   200<br/></div></td></tr></tbody>
      <tbody class="failed results-table-row">
        <tr>
          <td class="col-result">Failed</td>
          <td class="col-name">tests/count_by_country/test_count_by_country.py::TestCountByCountry::test_count_by_country_without_action_type</td>
          <td class="col-duration">1.38</td>
          <td class="col-links"></td></tr>
        <tr>
          <td class="extra" colspan="4">
            <div class="log">self = &lt;tests.count_by_country.test_count_by_country.TestCountByCountry object at 0x1065fbcd0&gt;<br/>api_url = &#x27;https://census-toy.nceng.net/prod/toy-census&#x27;, top_country = 4<br/><br/>    def test_count_by_country_without_action_type(self, api_url, top_country):<br/>        test_users = generate_random_users()<br/>        response = make_post_request(api_url, test_users, action_type=None, top=top_country)<br/>    <br/>        expected_response_code = 400<br/>        logging.info(f&#x27;Verifying that the response status code is {expected_response_code}.&#x27;)<br/>        logging.info(f&#x27;Expected response: {expected_response_code}&#x27;)<br/>        logging.info(f&#x27;Actual response:   {response.status_code}&#x27;)<br/>&gt;       assert response.status_code == expected_response_code, \<br/>            f&#x27;Error: Expected response code {expected_response_code}, but received {response.status_code}&#x27;<br/><span class="error">E       AssertionError: Error: Expected response code 400, but received 200</span><br/><span class="error">E       assert 200 == 400</span><br/><span class="error">E        +  where 200 = &lt;Response [200]&gt;.status_code</span><br/><br/>tests/count_by_country/test_count_by_country.py:91: AssertionError<br/> -------------------------------Captured log call-------------------------------- <br/>INFO     root:test_count_by_country.py:88 Verifying that the response status code is 400.
INFO     root:test_count_by_country.py:89 Expected response: 400
INFO     root:test_count_by_country.py:90 Actual response:   200<br/></div></td></tr></tbody>
      <tbody class="failed results-table-row">
        <tr>
          <td class="col-result">Failed</td>
          <td class="col-name">tests/count_by_gender/test_count_by_gender.py::TestCountByGender::test_count_by_gender_with_invalid_users_list</td>
          <td class="col-duration">1.46</td>
          <td class="col-links"></td></tr>
        <tr>
          <td class="extra" colspan="4">
            <div class="log">self = &lt;tests.count_by_gender.test_count_by_gender.TestCountByGender object at 0x106603490&gt;<br/>api_url = &#x27;https://census-toy.nceng.net/prod/toy-census&#x27;, top_gender = 2<br/><br/>    def test_count_by_gender_with_invalid_users_list(self, api_url, top_gender):<br/>        test_users = generate_random_users()<br/>        test_users.append({&#x27;invalid_name&#x27;: &#x27;test&#x27;, &#x27;invalid_value&#x27;: &#x27;test&#x27;})<br/>        response = make_post_request(api_url, test_users, action_type=&quot;CountByGender&quot;, top=top_gender)<br/>    <br/>        expected_response_code = 400<br/>        logging.info(f&#x27;Verifying that the response status code is {expected_response_code}.&#x27;)<br/>        logging.info(f&#x27;Expected response: {expected_response_code}&#x27;)<br/>        logging.info(f&#x27;Actual response:   {response.status_code}&#x27;)<br/>&gt;       assert response.status_code == expected_response_code,\<br/>            f&#x27;Error: Expected response code {expected_response_code}, but received {response.status_code}&#x27;<br/><span class="error">E       AssertionError: Error: Expected response code 400, but received 200</span><br/><span class="error">E       assert 200 == 400</span><br/><span class="error">E        +  where 200 = &lt;Response [200]&gt;.status_code</span><br/><br/>tests/count_by_gender/test_count_by_gender.py:72: AssertionError<br/> -------------------------------Captured log call-------------------------------- <br/>INFO     root:test_count_by_gender.py:69 Verifying that the response status code is 400.
INFO     root:test_count_by_gender.py:70 Expected response: 400
INFO     root:test_count_by_gender.py:71 Actual response:   200<br/></div></td></tr></tbody>
      <tbody class="failed results-table-row">
        <tr>
          <td class="col-result">Failed</td>
          <td class="col-name">tests/count_by_gender/test_count_by_gender.py::TestCountByGender::test_count_by_gender_with_invalid_action_type[]</td>
          <td class="col-duration">1.51</td>
          <td class="col-links"></td></tr>
        <tr>
          <td class="extra" colspan="4">
            <div class="log">self = &lt;tests.count_by_gender.test_count_by_gender.TestCountByGender object at 0x1066084d0&gt;<br/>api_url = &#x27;https://census-toy.nceng.net/prod/toy-census&#x27;, top_gender = 2, action_type = &#x27;&#x27;<br/><br/>    @pytest.mark.parametrize(&quot;action_type&quot;, [&quot;&quot;, &quot; &quot;, &quot;invalid_action_type&quot;])<br/>    def test_count_by_gender_with_invalid_action_type(self, api_url, top_gender, action_type):<br/>        test_users = generate_random_users()<br/>        response = make_post_request(api_url, test_users, action_type=action_type, top=top_gender)<br/>    <br/>        expected_response_code = 400<br/>        logging.info(f&#x27;Verifying that the response status code is {expected_response_code}.&#x27;)<br/>        logging.info(f&#x27;Expected response: {expected_response_code}&#x27;)<br/>        logging.info(f&#x27;Actual response:   {response.status_code}&#x27;)<br/>&gt;       assert response.status_code == expected_response_code, \<br/>            f&#x27;Error: Expected response code {expected_response_code}, but received {response.status_code}&#x27;<br/><span class="error">E       AssertionError: Error: Expected response code 400, but received 200</span><br/><span class="error">E       assert 200 == 400</span><br/><span class="error">E        +  where 200 = &lt;Response [200]&gt;.status_code</span><br/><br/>tests/count_by_gender/test_count_by_gender.py:84: AssertionError<br/> -------------------------------Captured log call-------------------------------- <br/>INFO     root:test_count_by_gender.py:81 Verifying that the response status code is 400.
INFO     root:test_count_by_gender.py:82 Expected response: 400
INFO     root:test_count_by_gender.py:83 Actual response:   200<br/></div></td></tr></tbody>
      <tbody class="failed results-table-row">
        <tr>
          <td class="col-result">Failed</td>
          <td class="col-name">tests/count_by_gender/test_count_by_gender.py::TestCountByGender::test_count_by_gender_with_invalid_action_type[ ]</td>
          <td class="col-duration">1.48</td>
          <td class="col-links"></td></tr>
        <tr>
          <td class="extra" colspan="4">
            <div class="log">self = &lt;tests.count_by_gender.test_count_by_gender.TestCountByGender object at 0x106608710&gt;<br/>api_url = &#x27;https://census-toy.nceng.net/prod/toy-census&#x27;, top_gender = 2, action_type = &#x27; &#x27;<br/><br/>    @pytest.mark.parametrize(&quot;action_type&quot;, [&quot;&quot;, &quot; &quot;, &quot;invalid_action_type&quot;])<br/>    def test_count_by_gender_with_invalid_action_type(self, api_url, top_gender, action_type):<br/>        test_users = generate_random_users()<br/>        response = make_post_request(api_url, test_users, action_type=action_type, top=top_gender)<br/>    <br/>        expected_response_code = 400<br/>        logging.info(f&#x27;Verifying that the response status code is {expected_response_code}.&#x27;)<br/>        logging.info(f&#x27;Expected response: {expected_response_code}&#x27;)<br/>        logging.info(f&#x27;Actual response:   {response.status_code}&#x27;)<br/>&gt;       assert response.status_code == expected_response_code, \<br/>            f&#x27;Error: Expected response code {expected_response_code}, but received {response.status_code}&#x27;<br/><span class="error">E       AssertionError: Error: Expected response code 400, but received 200</span><br/><span class="error">E       assert 200 == 400</span><br/><span class="error">E        +  where 200 = &lt;Response [200]&gt;.status_code</span><br/><br/>tests/count_by_gender/test_count_by_gender.py:84: AssertionError<br/> -------------------------------Captured log call-------------------------------- <br/>INFO     root:test_count_by_gender.py:81 Verifying that the response status code is 400.
INFO     root:test_count_by_gender.py:82 Expected response: 400
INFO     root:test_count_by_gender.py:83 Actual response:   200<br/></div></td></tr></tbody>
      <tbody class="failed results-table-row">
        <tr>
          <td class="col-result">Failed</td>
          <td class="col-name">tests/count_by_gender/test_count_by_gender.py::TestCountByGender::test_count_by_gender_with_invalid_action_type[invalid_action_type]</td>
          <td class="col-duration">1.33</td>
          <td class="col-links"></td></tr>
        <tr>
          <td class="extra" colspan="4">
            <div class="log">self = &lt;tests.count_by_gender.test_count_by_gender.TestCountByGender object at 0x1066089d0&gt;<br/>api_url = &#x27;https://census-toy.nceng.net/prod/toy-census&#x27;, top_gender = 2, action_type = &#x27;invalid_action_type&#x27;<br/><br/>    @pytest.mark.parametrize(&quot;action_type&quot;, [&quot;&quot;, &quot; &quot;, &quot;invalid_action_type&quot;])<br/>    def test_count_by_gender_with_invalid_action_type(self, api_url, top_gender, action_type):<br/>        test_users = generate_random_users()<br/>        response = make_post_request(api_url, test_users, action_type=action_type, top=top_gender)<br/>    <br/>        expected_response_code = 400<br/>        logging.info(f&#x27;Verifying that the response status code is {expected_response_code}.&#x27;)<br/>        logging.info(f&#x27;Expected response: {expected_response_code}&#x27;)<br/>        logging.info(f&#x27;Actual response:   {response.status_code}&#x27;)<br/>&gt;       assert response.status_code == expected_response_code, \<br/>            f&#x27;Error: Expected response code {expected_response_code}, but received {response.status_code}&#x27;<br/><span class="error">E       AssertionError: Error: Expected response code 400, but received 200</span><br/><span class="error">E       assert 200 == 400</span><br/><span class="error">E        +  where 200 = &lt;Response [200]&gt;.status_code</span><br/><br/>tests/count_by_gender/test_count_by_gender.py:84: AssertionError<br/> -------------------------------Captured log call-------------------------------- <br/>INFO     root:test_count_by_gender.py:81 Verifying that the response status code is 400.
INFO     root:test_count_by_gender.py:82 Expected response: 400
INFO     root:test_count_by_gender.py:83 Actual response:   200<br/></div></td></tr></tbody>
      <tbody class="failed results-table-row">
        <tr>
          <td class="col-result">Failed</td>
          <td class="col-name">tests/count_by_gender/test_count_by_gender.py::TestCountByGender::test_count_by_gender_without_action_type</td>
          <td class="col-duration">1.28</td>
          <td class="col-links"></td></tr>
        <tr>
          <td class="extra" colspan="4">
            <div class="log">self = &lt;tests.count_by_gender.test_count_by_gender.TestCountByGender object at 0x1066090d0&gt;<br/>api_url = &#x27;https://census-toy.nceng.net/prod/toy-census&#x27;, top_gender = 2<br/><br/>    def test_count_by_gender_without_action_type(self, api_url, top_gender):<br/>        test_users = generate_random_users()<br/>        response = make_post_request(api_url, test_users, action_type=None, top=top_gender)<br/>    <br/>        expected_response_code = 400<br/>        logging.info(f&#x27;Verifying that the response status code is {expected_response_code}.&#x27;)<br/>        logging.info(f&#x27;Expected response: {expected_response_code}&#x27;)<br/>        logging.info(f&#x27;Actual response:   {response.status_code}&#x27;)<br/>&gt;       assert response.status_code == expected_response_code, \<br/>            f&#x27;Error: Expected response code {expected_response_code}, but received {response.status_code}&#x27;<br/><span class="error">E       AssertionError: Error: Expected response code 400, but received 200</span><br/><span class="error">E       assert 200 == 400</span><br/><span class="error">E        +  where 200 = &lt;Response [200]&gt;.status_code</span><br/><br/>tests/count_by_gender/test_count_by_gender.py:95: AssertionError<br/> -------------------------------Captured log call-------------------------------- <br/>INFO     root:test_count_by_gender.py:92 Verifying that the response status code is 400.
INFO     root:test_count_by_gender.py:93 Expected response: 400
INFO     root:test_count_by_gender.py:94 Actual response:   200<br/></div></td></tr></tbody>
      <tbody class="failed results-table-row">
        <tr>
          <td class="col-result">Failed</td>
          <td class="col-name">tests/count_password_complexity/test_count_password_complexity.py::TestCountPasswordComplexity::test_count_pw_complexity_with_invalid_users_list</td>
          <td class="col-duration">1.29</td>
          <td class="col-links"></td></tr>
        <tr>
          <td class="extra" colspan="4">
            <div class="log">self = &lt;tests.count_password_complexity.test_count_password_complexity.TestCountPasswordComplexity object at 0x10660b510&gt;<br/>api_url = &#x27;https://census-toy.nceng.net/prod/toy-census&#x27;, top_pw_complex = 3<br/><br/>    def test_count_pw_complexity_with_invalid_users_list(self, api_url, top_pw_complex):<br/>        test_users = generate_random_users()<br/>        test_users.append({&#x27;invalid_name&#x27;: &#x27;test&#x27;, &#x27;invalid_value&#x27;: &#x27;test&#x27;})<br/>        response = make_post_request(api_url, test_users, action_type=&quot;CountPasswordComplexity&quot;, top=top_pw_complex)<br/>    <br/>        expected_response_code = 400<br/>        logging.info(f&#x27;Verifying that the response status code is {expected_response_code}.&#x27;)<br/>        logging.info(f&#x27;Expected response: {expected_response_code}&#x27;)<br/>        logging.info(f&#x27;Actual response:   {response.status_code}&#x27;)<br/>&gt;       assert response.status_code == expected_response_code,\<br/>            f&#x27;Error: Expected response code {expected_response_code}, but received {response.status_code}&#x27;<br/><span class="error">E       AssertionError: Error: Expected response code 400, but received 200</span><br/><span class="error">E       assert 200 == 400</span><br/><span class="error">E        +  where 200 = &lt;Response [200]&gt;.status_code</span><br/><br/>tests/count_password_complexity/test_count_password_complexity.py:69: AssertionError<br/> -------------------------------Captured log call-------------------------------- <br/>INFO     root:test_count_password_complexity.py:66 Verifying that the response status code is 400.
INFO     root:test_count_password_complexity.py:67 Expected response: 400
INFO     root:test_count_password_complexity.py:68 Actual response:   200<br/></div></td></tr></tbody>
      <tbody class="failed results-table-row">
        <tr>
          <td class="col-result">Failed</td>
          <td class="col-name">tests/count_password_complexity/test_count_password_complexity.py::TestCountPasswordComplexity::test_count_pw_complexity_with_invalid_action_type[]</td>
          <td class="col-duration">1.44</td>
          <td class="col-links"></td></tr>
        <tr>
          <td class="extra" colspan="4">
            <div class="log">self = &lt;tests.count_password_complexity.test_count_password_complexity.TestCountPasswordComplexity object at 0x1066184d0&gt;<br/>api_url = &#x27;https://census-toy.nceng.net/prod/toy-census&#x27;, top_pw_complex = 3, action_type = &#x27;&#x27;<br/><br/>    @pytest.mark.parametrize(&quot;action_type&quot;, [&quot;&quot;, &quot; &quot;, &quot;invalid_action_type&quot;])<br/>    def test_count_pw_complexity_with_invalid_action_type(self, api_url, top_pw_complex, action_type):<br/>        test_users = generate_random_users()<br/>        response = make_post_request(api_url, test_users, action_type=action_type, top=top_pw_complex)<br/>    <br/>        expected_response_code = 400<br/>        logging.info(f&#x27;Verifying that the response status code is {expected_response_code}.&#x27;)<br/>        logging.info(f&#x27;Expected response: {expected_response_code}&#x27;)<br/>        logging.info(f&#x27;Actual response:   {response.status_code}&#x27;)<br/>&gt;       assert response.status_code == expected_response_code, \<br/>            f&#x27;Error: Expected response code {expected_response_code}, but received {response.status_code}&#x27;<br/><span class="error">E       AssertionError: Error: Expected response code 400, but received 200</span><br/><span class="error">E       assert 200 == 400</span><br/><span class="error">E        +  where 200 = &lt;Response [200]&gt;.status_code</span><br/><br/>tests/count_password_complexity/test_count_password_complexity.py:81: AssertionError<br/> -------------------------------Captured log call-------------------------------- <br/>INFO     root:test_count_password_complexity.py:78 Verifying that the response status code is 400.
INFO     root:test_count_password_complexity.py:79 Expected response: 400
INFO     root:test_count_password_complexity.py:80 Actual response:   200<br/></div></td></tr></tbody>
      <tbody class="failed results-table-row">
        <tr>
          <td class="col-result">Failed</td>
          <td class="col-name">tests/count_password_complexity/test_count_password_complexity.py::TestCountPasswordComplexity::test_count_pw_complexity_with_invalid_action_type[ ]</td>
          <td class="col-duration">1.78</td>
          <td class="col-links"></td></tr>
        <tr>
          <td class="extra" colspan="4">
            <div class="log">self = &lt;tests.count_password_complexity.test_count_password_complexity.TestCountPasswordComplexity object at 0x106618710&gt;<br/>api_url = &#x27;https://census-toy.nceng.net/prod/toy-census&#x27;, top_pw_complex = 3, action_type = &#x27; &#x27;<br/><br/>    @pytest.mark.parametrize(&quot;action_type&quot;, [&quot;&quot;, &quot; &quot;, &quot;invalid_action_type&quot;])<br/>    def test_count_pw_complexity_with_invalid_action_type(self, api_url, top_pw_complex, action_type):<br/>        test_users = generate_random_users()<br/>        response = make_post_request(api_url, test_users, action_type=action_type, top=top_pw_complex)<br/>    <br/>        expected_response_code = 400<br/>        logging.info(f&#x27;Verifying that the response status code is {expected_response_code}.&#x27;)<br/>        logging.info(f&#x27;Expected response: {expected_response_code}&#x27;)<br/>        logging.info(f&#x27;Actual response:   {response.status_code}&#x27;)<br/>&gt;       assert response.status_code == expected_response_code, \<br/>            f&#x27;Error: Expected response code {expected_response_code}, but received {response.status_code}&#x27;<br/><span class="error">E       AssertionError: Error: Expected response code 400, but received 200</span><br/><span class="error">E       assert 200 == 400</span><br/><span class="error">E        +  where 200 = &lt;Response [200]&gt;.status_code</span><br/><br/>tests/count_password_complexity/test_count_password_complexity.py:81: AssertionError<br/> -------------------------------Captured log call-------------------------------- <br/>INFO     root:test_count_password_complexity.py:78 Verifying that the response status code is 400.
INFO     root:test_count_password_complexity.py:79 Expected response: 400
INFO     root:test_count_password_complexity.py:80 Actual response:   200<br/></div></td></tr></tbody>
      <tbody class="failed results-table-row">
        <tr>
          <td class="col-result">Failed</td>
          <td class="col-name">tests/count_password_complexity/test_count_password_complexity.py::TestCountPasswordComplexity::test_count_pw_complexity_with_invalid_action_type[invalid_action_type]</td>
          <td class="col-duration">1.34</td>
          <td class="col-links"></td></tr>
        <tr>
          <td class="extra" colspan="4">
            <div class="log">self = &lt;tests.count_password_complexity.test_count_password_complexity.TestCountPasswordComplexity object at 0x1066189d0&gt;<br/>api_url = &#x27;https://census-toy.nceng.net/prod/toy-census&#x27;, top_pw_complex = 3, action_type = &#x27;invalid_action_type&#x27;<br/><br/>    @pytest.mark.parametrize(&quot;action_type&quot;, [&quot;&quot;, &quot; &quot;, &quot;invalid_action_type&quot;])<br/>    def test_count_pw_complexity_with_invalid_action_type(self, api_url, top_pw_complex, action_type):<br/>        test_users = generate_random_users()<br/>        response = make_post_request(api_url, test_users, action_type=action_type, top=top_pw_complex)<br/>    <br/>        expected_response_code = 400<br/>        logging.info(f&#x27;Verifying that the response status code is {expected_response_code}.&#x27;)<br/>        logging.info(f&#x27;Expected response: {expected_response_code}&#x27;)<br/>        logging.info(f&#x27;Actual response:   {response.status_code}&#x27;)<br/>&gt;       assert response.status_code == expected_response_code, \<br/>            f&#x27;Error: Expected response code {expected_response_code}, but received {response.status_code}&#x27;<br/><span class="error">E       AssertionError: Error: Expected response code 400, but received 200</span><br/><span class="error">E       assert 200 == 400</span><br/><span class="error">E        +  where 200 = &lt;Response [200]&gt;.status_code</span><br/><br/>tests/count_password_complexity/test_count_password_complexity.py:81: AssertionError<br/> -------------------------------Captured log call-------------------------------- <br/>INFO     root:test_count_password_complexity.py:78 Verifying that the response status code is 400.
INFO     root:test_count_password_complexity.py:79 Expected response: 400
INFO     root:test_count_password_complexity.py:80 Actual response:   200<br/></div></td></tr></tbody>
      <tbody class="failed results-table-row">
        <tr>
          <td class="col-result">Failed</td>
          <td class="col-name">tests/count_password_complexity/test_count_password_complexity.py::TestCountPasswordComplexity::test_count_pw_complexity_without_action_type</td>
          <td class="col-duration">1.70</td>
          <td class="col-links"></td></tr>
        <tr>
          <td class="extra" colspan="4">
            <div class="log">self = &lt;tests.count_password_complexity.test_count_password_complexity.TestCountPasswordComplexity object at 0x1066190d0&gt;<br/>api_url = &#x27;https://census-toy.nceng.net/prod/toy-census&#x27;, top_pw_complex = 3<br/><br/>    def test_count_pw_complexity_without_action_type(self, api_url, top_pw_complex):<br/>        test_users = generate_random_users()<br/>        response = make_post_request(api_url, test_users, action_type=None, top=top_pw_complex)<br/>    <br/>        expected_response_code = 400<br/>        logging.info(f&#x27;Verifying that the response status code is {expected_response_code}.&#x27;)<br/>        logging.info(f&#x27;Expected response: {expected_response_code}&#x27;)<br/>        logging.info(f&#x27;Actual response:   {response.status_code}&#x27;)<br/>&gt;       assert response.status_code == expected_response_code, \<br/>            f&#x27;Error: Expected response code {expected_response_code}, but received {response.status_code}&#x27;<br/><span class="error">E       AssertionError: Error: Expected response code 400, but received 200</span><br/><span class="error">E       assert 200 == 400</span><br/><span class="error">E        +  where 200 = &lt;Response [200]&gt;.status_code</span><br/><br/>tests/count_password_complexity/test_count_password_complexity.py:92: AssertionError<br/> -------------------------------Captured log call-------------------------------- <br/>INFO     root:test_count_password_complexity.py:89 Verifying that the response status code is 400.
INFO     root:test_count_password_complexity.py:90 Expected response: 400
INFO     root:test_count_password_complexity.py:91 Actual response:   200<br/></div></td></tr></tbody>
      <tbody class="passed results-table-row">
        <tr>
          <td class="col-result">Passed</td>
          <td class="col-name">tests/count_by_country/test_count_by_country.py::TestCountByCountry::test_count_by_country_returns_correct_values[-1]</td>
          <td class="col-duration">0.61</td>
          <td class="col-links"></td></tr>
        <tr>
          <td class="extra" colspan="4">
            <div class="log"> -------------------------------Captured log call-------------------------------- <br/>INFO     root:test_count_by_country.py:23 Expected status code: 200. Actual status code: 200
INFO     root:test_count_by_country.py:32 Verifying that the number of occurrences (actual: 0) is equal to 0 when there are 0 users (actual: 0).
INFO     root:test_count_by_country.py:51 Verifying that the return values are ordered from highest to lowest.
INFO     root:test_count_by_country.py:53 Expected result: []
INFO     root:test_count_by_country.py:54 Actual result:   []<br/></div></td></tr></tbody>
      <tbody class="passed results-table-row">
        <tr>
          <td class="col-result">Passed</td>
          <td class="col-name">tests/count_by_country/test_count_by_country.py::TestCountByCountry::test_count_by_country_returns_correct_values[0]</td>
          <td class="col-duration">0.35</td>
          <td class="col-links"></td></tr>
        <tr>
          <td class="extra" colspan="4">
            <div class="log"> -------------------------------Captured log call-------------------------------- <br/>INFO     root:test_count_by_country.py:23 Expected status code: 200. Actual status code: 200
INFO     root:test_count_by_country.py:32 Verifying that the number of occurrences (actual: 0) is equal to 0 when there are 0 users (actual: 0).
INFO     root:test_count_by_country.py:51 Verifying that the return values are ordered from highest to lowest.
INFO     root:test_count_by_country.py:53 Expected result: []
INFO     root:test_count_by_country.py:54 Actual result:   []<br/></div></td></tr></tbody>
      <tbody class="passed results-table-row">
        <tr>
          <td class="col-result">Passed</td>
          <td class="col-name">tests/count_by_country/test_count_by_country.py::TestCountByCountry::test_count_by_country_returns_correct_values[1]</td>
          <td class="col-duration">0.56</td>
          <td class="col-links"></td></tr>
        <tr>
          <td class="extra" colspan="4">
            <div class="log"> -------------------------------Captured log call-------------------------------- <br/>INFO     root:test_count_by_country.py:23 Expected status code: 200. Actual status code: 200
INFO     root:test_count_by_country.py:46 Verifying that the number of occurrences is equal to the number of generated users.
INFO     root:test_count_by_country.py:47 Expected length of result: 1
INFO     root:test_count_by_country.py:48 Actual length of result:   1
INFO     root:test_count_by_country.py:51 Verifying that the return values are ordered from highest to lowest.
INFO     root:test_count_by_country.py:53 Expected result: [{&#x27;name&#x27;: &#x27;TR&#x27;, &#x27;value&#x27;: 1}]
INFO     root:test_count_by_country.py:54 Actual result:   [{&#x27;name&#x27;: &#x27;TR&#x27;, &#x27;value&#x27;: 1}]<br/></div></td></tr></tbody>
      <tbody class="passed results-table-row">
        <tr>
          <td class="col-result">Passed</td>
          <td class="col-name">tests/count_by_country/test_count_by_country.py::TestCountByCountry::test_count_by_country_returns_correct_values[5]</td>
          <td class="col-duration">1.30</td>
          <td class="col-links"></td></tr>
        <tr>
          <td class="extra" colspan="4">
            <div class="log"> -------------------------------Captured log call-------------------------------- <br/>INFO     root:test_count_by_country.py:23 Expected status code: 200. Actual status code: 200
INFO     root:test_count_by_country.py:46 Verifying that the number of occurrences is equal to the specified &quot;top&quot; value.
INFO     root:test_count_by_country.py:47 Expected length of result: 4
INFO     root:test_count_by_country.py:48 Actual length of result:   4
INFO     root:test_count_by_country.py:51 Verifying that the return values are ordered from highest to lowest.
INFO     root:test_count_by_country.py:53 Expected result: [{&#x27;name&#x27;: &#x27;IN&#x27;, &#x27;value&#x27;: 1}, {&#x27;name&#x27;: &#x27;AU&#x27;, &#x27;value&#x27;: 1}, {&#x27;name&#x27;: &#x27;IR&#x27;, &#x27;value&#x27;: 1}, {&#x27;name&#x27;: &#x27;UA&#x27;, &#x27;value&#x27;: 1}]
INFO     root:test_count_by_country.py:54 Actual result:   [{&#x27;name&#x27;: &#x27;IN&#x27;, &#x27;value&#x27;: 1}, {&#x27;name&#x27;: &#x27;AU&#x27;, &#x27;value&#x27;: 1}, {&#x27;name&#x27;: &#x27;IR&#x27;, &#x27;value&#x27;: 1}, {&#x27;name&#x27;: &#x27;UA&#x27;, &#x27;value&#x27;: 1}]<br/></div></td></tr></tbody>
      <tbody class="passed results-table-row">
        <tr>
          <td class="col-result">Passed</td>
          <td class="col-name">tests/count_by_gender/test_count_by_gender.py::TestCountByGender::test_count_by_gender_returns_correct_values[-1]</td>
          <td class="col-duration">0.35</td>
          <td class="col-links"></td></tr>
        <tr>
          <td class="extra" colspan="4">
            <div class="log"> -------------------------------Captured log call-------------------------------- <br/>INFO     root:test_count_by_gender.py:23 Expected status code: 200. Actual status code: 200
INFO     root:test_count_by_gender.py:32 Verifying that the number of occurrences (actual: 0) is equal to 0 when there are 0 users (actual: 0).
INFO     root:test_count_by_gender.py:55 Verifying that the return values are ordered from highest to lowest.
INFO     root:test_count_by_gender.py:57 Expected result: []
INFO     root:test_count_by_gender.py:58 Actual result:   []<br/></div></td></tr></tbody>
      <tbody class="passed results-table-row">
        <tr>
          <td class="col-result">Passed</td>
          <td class="col-name">tests/count_by_gender/test_count_by_gender.py::TestCountByGender::test_count_by_gender_returns_correct_values[0]</td>
          <td class="col-duration">0.38</td>
          <td class="col-links"></td></tr>
        <tr>
          <td class="extra" colspan="4">
            <div class="log"> -------------------------------Captured log call-------------------------------- <br/>INFO     root:test_count_by_gender.py:23 Expected status code: 200. Actual status code: 200
INFO     root:test_count_by_gender.py:32 Verifying that the number of occurrences (actual: 0) is equal to 0 when there are 0 users (actual: 0).
INFO     root:test_count_by_gender.py:55 Verifying that the return values are ordered from highest to lowest.
INFO     root:test_count_by_gender.py:57 Expected result: []
INFO     root:test_count_by_gender.py:58 Actual result:   []<br/></div></td></tr></tbody>
      <tbody class="passed results-table-row">
        <tr>
          <td class="col-result">Passed</td>
          <td class="col-name">tests/count_by_gender/test_count_by_gender.py::TestCountByGender::test_count_by_gender_returns_correct_values[1]</td>
          <td class="col-duration">1.29</td>
          <td class="col-links"></td></tr>
        <tr>
          <td class="extra" colspan="4">
            <div class="log"> -------------------------------Captured log call-------------------------------- <br/>INFO     root:test_count_by_gender.py:23 Expected status code: 200. Actual status code: 200
INFO     root:test_count_by_gender.py:42 Verifying that the result contains 1 entries.
INFO     root:test_count_by_gender.py:43 Expected length of result: 1
INFO     root:test_count_by_gender.py:44 Actual length of result:   1
INFO     root:test_count_by_gender.py:49 Verifying that the sum of values equals the number of generated users.
INFO     root:test_count_by_gender.py:50 Expected sum of values: 1
INFO     root:test_count_by_gender.py:51 Actual sum of values:   1
INFO     root:test_count_by_gender.py:55 Verifying that the return values are ordered from highest to lowest.
INFO     root:test_count_by_gender.py:57 Expected result: [{&#x27;name&#x27;: &#x27;male&#x27;, &#x27;value&#x27;: 1}]
INFO     root:test_count_by_gender.py:58 Actual result:   [{&#x27;name&#x27;: &#x27;male&#x27;, &#x27;value&#x27;: 1}]<br/></div></td></tr></tbody>
      <tbody class="passed results-table-row">
        <tr>
          <td class="col-result">Passed</td>
          <td class="col-name">tests/count_by_gender/test_count_by_gender.py::TestCountByGender::test_count_by_gender_returns_correct_values[5]</td>
          <td class="col-duration">1.35</td>
          <td class="col-links"></td></tr>
        <tr>
          <td class="extra" colspan="4">
            <div class="log"> -------------------------------Captured log call-------------------------------- <br/>INFO     root:test_count_by_gender.py:23 Expected status code: 200. Actual status code: 200
INFO     root:test_count_by_gender.py:42 Verifying that the result contains 2 entries.
INFO     root:test_count_by_gender.py:43 Expected length of result: 2
INFO     root:test_count_by_gender.py:44 Actual length of result:   2
INFO     root:test_count_by_gender.py:49 Verifying that the sum of values equals the number of generated users.
INFO     root:test_count_by_gender.py:50 Expected sum of values: 5
INFO     root:test_count_by_gender.py:51 Actual sum of values:   5
INFO     root:test_count_by_gender.py:55 Verifying that the return values are ordered from highest to lowest.
INFO     root:test_count_by_gender.py:57 Expected result: [{&#x27;name&#x27;: &#x27;female&#x27;, &#x27;value&#x27;: 3}, {&#x27;name&#x27;: &#x27;male&#x27;, &#x27;value&#x27;: 2}]
INFO     root:test_count_by_gender.py:58 Actual result:   [{&#x27;name&#x27;: &#x27;female&#x27;, &#x27;value&#x27;: 3}, {&#x27;name&#x27;: &#x27;male&#x27;, &#x27;value&#x27;: 2}]<br/></div></td></tr></tbody>
      <tbody class="passed results-table-row">
        <tr>
          <td class="col-result">Passed</td>
          <td class="col-name">tests/count_password_complexity/test_count_password_complexity.py::TestCountPasswordComplexity::test_count_pw_complexity_returns_correct_values[-1]</td>
          <td class="col-duration">0.37</td>
          <td class="col-links"></td></tr>
        <tr>
          <td class="extra" colspan="4">
            <div class="log"> -------------------------------Captured log call-------------------------------- <br/>INFO     root:test_count_password_complexity.py:23 Expected status code: 200. Actual status code: 200
INFO     root:test_count_password_complexity.py:32 Verifying that the number of occurrences (actual: 0) is equal to 0 when there are 0 users (actual: 0).
INFO     root:test_count_password_complexity.py:52 Verifying that the return values are ordered from highest to lowest.
INFO     root:test_count_password_complexity.py:54 Expected result: []
INFO     root:test_count_password_complexity.py:55 Actual result:   []<br/></div></td></tr></tbody>
      <tbody class="passed results-table-row">
        <tr>
          <td class="col-result">Passed</td>
          <td class="col-name">tests/count_password_complexity/test_count_password_complexity.py::TestCountPasswordComplexity::test_count_pw_complexity_returns_correct_values[0]</td>
          <td class="col-duration">0.49</td>
          <td class="col-links"></td></tr>
        <tr>
          <td class="extra" colspan="4">
            <div class="log"> -------------------------------Captured log call-------------------------------- <br/>INFO     root:test_count_password_complexity.py:23 Expected status code: 200. Actual status code: 200
INFO     root:test_count_password_complexity.py:32 Verifying that the number of occurrences (actual: 0) is equal to 0 when there are 0 users (actual: 0).
INFO     root:test_count_password_complexity.py:52 Verifying that the return values are ordered from highest to lowest.
INFO     root:test_count_password_complexity.py:54 Expected result: []
INFO     root:test_count_password_complexity.py:55 Actual result:   []<br/></div></td></tr></tbody>
      <tbody class="passed results-table-row">
        <tr>
          <td class="col-result">Passed</td>
          <td class="col-name">tests/count_password_complexity/test_count_password_complexity.py::TestCountPasswordComplexity::test_count_pw_complexity_returns_correct_values[1]</td>
          <td class="col-duration">0.78</td>
          <td class="col-links"></td></tr>
        <tr>
          <td class="extra" colspan="4">
            <div class="log"> -------------------------------Captured log call-------------------------------- <br/>INFO     root:test_count_password_complexity.py:23 Expected status code: 200. Actual status code: 200
INFO     root:test_count_password_complexity.py:47 Verifying that the number of occurrences is equal to the number of generated users.
INFO     root:test_count_password_complexity.py:48 Expected length of result: 1
INFO     root:test_count_password_complexity.py:49 Actual length of result:   1
INFO     root:test_count_password_complexity.py:52 Verifying that the return values are ordered from highest to lowest.
INFO     root:test_count_password_complexity.py:54 Expected result: [{&#x27;name&#x27;: &#x27;enter&#x27;, &#x27;value&#x27;: 0}]
INFO     root:test_count_password_complexity.py:55 Actual result:   [{&#x27;name&#x27;: &#x27;enter&#x27;, &#x27;value&#x27;: 0}]<br/></div></td></tr></tbody>
      <tbody class="passed results-table-row">
        <tr>
          <td class="col-result">Passed</td>
          <td class="col-name">tests/count_password_complexity/test_count_password_complexity.py::TestCountPasswordComplexity::test_count_pw_complexity_returns_correct_values[5]</td>
          <td class="col-duration">1.40</td>
          <td class="col-links"></td></tr>
        <tr>
          <td class="extra" colspan="4">
            <div class="log"> -------------------------------Captured log call-------------------------------- <br/>INFO     root:test_count_password_complexity.py:23 Expected status code: 200. Actual status code: 200
INFO     root:test_count_password_complexity.py:47 Verifying that the number of occurrences is equal to the specified &quot;top&quot; value.
INFO     root:test_count_password_complexity.py:48 Expected length of result: 3
INFO     root:test_count_password_complexity.py:49 Actual length of result:   3
INFO     root:test_count_password_complexity.py:52 Verifying that the return values are ordered from highest to lowest.
INFO     root:test_count_password_complexity.py:54 Expected result: [{&#x27;name&#x27;: &#x27;patrick&#x27;, &#x27;value&#x27;: 0}, {&#x27;name&#x27;: &#x27;place&#x27;, &#x27;value&#x27;: 0}, {&#x27;name&#x27;: &#x27;horizon&#x27;, &#x27;value&#x27;: 0}]
INFO     root:test_count_password_complexity.py:55 Actual result:   [{&#x27;name&#x27;: &#x27;patrick&#x27;, &#x27;value&#x27;: 0}, {&#x27;name&#x27;: &#x27;place&#x27;, &#x27;value&#x27;: 0}, {&#x27;name&#x27;: &#x27;horizon&#x27;, &#x27;value&#x27;: 0}]<br/></div></td></tr></tbody></table></body></html>